Using pre-set license
Built from '2020.3/release' branch; Version is '2020.3.2f1 (8fd9074bf66c) revision 9427207'; Using compiler version '192528614'; Build Type 'Release'
OS: 'Windows 10 Home; OS build 19042.1237; Version 2009; 64bit' Language: 'en' Physical Memory: 16206 MB
BatchMode: 1, IsHumanControllingUs: 0, StartBugReporterOnCrash: 0, Is64bit: 1, IsPro: 0

 COMMAND LINE ARGUMENTS:
C:\Program Files\Unity\2020.3.2f1\Editor\Unity.exe
-adb2
-batchMode
-noUpm
-name
AssetImportWorker0
-projectPath
C:/Users/looby/Documents/Unity/Apr21-XRDEV-CLS1
-logFile
Logs/AssetImportWorker0.log
-srvPort
49581
Successfully changed project path to: C:/Users/looby/Documents/Unity/Apr21-XRDEV-CLS1
C:/Users/looby/Documents/Unity/Apr21-XRDEV-CLS1
Using Asset Import Pipeline V2.
Refreshing native plugins compatible for Editor in 112.45 ms, found 11 plugins.
Preloading 2 native plugins for Editor in 1.79 ms.
Initialize engine version: 2020.3.2f1 (8fd9074bf66c)
[Subsystems] Discovering subsystems at path C:/Program Files/Unity/2020.3.2f1/Editor/Data/Resources/UnitySubsystems
[Subsystems] Discovering subsystems at path C:/Users/looby/Documents/Unity/Apr21-XRDEV-CLS1/Assets
GfxDevice: creating device client; threaded=0
Direct3D:
    Version:  Direct3D 11.0 [level 11.1]
    Renderer: NVIDIA GeForce RTX 3070 Laptop GPU (ID=0x249d)
    Vendor:   
    VRAM:     8044 MB
    Driver:   30.0.14.7141
Shader 'PointClouds/PointSplat': fallback shader 'PointClouds/PointSplatLegacy' not found
Shader 'Oculus/OVRMRCameraFrameLit': fallback shader 'Alpha-Diffuse' not found
Initialize mono
Mono path[0] = 'C:/Program Files/Unity/2020.3.2f1/Editor/Data/Managed'
Mono path[1] = 'C:/Program Files/Unity/2020.3.2f1/Editor/Data/MonoBleedingEdge/lib/mono/unityjit'
Mono config path = 'C:/Program Files/Unity/2020.3.2f1/Editor/Data/MonoBleedingEdge/etc'
Using monoOptions --debugger-agent=transport=dt_socket,embedding=1,server=y,suspend=n,address=127.0.0.1:56340
Begin MonoManager ReloadAssembly
Registering precompiled unity dll's ...
Register platform support module: C:/Program Files/Unity/2020.3.2f1/Editor/Data/PlaybackEngines/WindowsStandaloneSupport/UnityEditor.WindowsStandalone.Extensions.dll
Registered in 0.001916 seconds.
Native extension for WindowsStandalone target not found
Refreshing native plugins compatible for Editor in 92.63 ms, found 11 plugins.
Preloading 2 native plugins for Editor in 0.10 ms.
Invoked RoslynAnalysisRunner static constructor.
RoslynAnalysisRunner will not be running.
RoslynAnalysisRunner has terminated.
Mono: successfully reloaded assembly
- Completed reload, in  1.548 seconds
Platform modules already initialized, skipping
Registering precompiled user dll's ...
Registered in 0.008600 seconds.
Begin MonoManager ReloadAssembly
Native extension for WindowsStandalone target not found
Refreshing native plugins compatible for Editor in 92.09 ms, found 11 plugins.
Preloading 2 native plugins for Editor in 0.10 ms.
System.NullReferenceException: Object reference not set to an instance of an object
  at Vuforia.EditorClasses.ExtensionTypeProvider.GetVuforiaPackageAbsPath () [0x0004a] in <f93bc12ce1034617aac9a18135b94276>:0 
  at Vuforia.EditorClasses.ExtensionTypeProvider.IsPackageManager () [0x00000] in <f93bc12ce1034617aac9a18135b94276>:0 
  at Vuforia.EditorClasses.ExtensionTypeProvider.ResolvePluginType () [0x00009] in <f93bc12ce1034617aac9a18135b94276>:0 
  at Vuforia.EditorClasses.ExtensionTypeProvider.GetPluginType () [0x0000c] in <f93bc12ce1034617aac9a18135b94276>:0 
  at Vuforia.EditorClasses.VuforiaUtilities.IsVuforiaEnabledInPlayerSettings () [0x00000] in <f93bc12ce1034617aac9a18135b94276>:0 
  at VuforiaEnabledObserver..cctor () [0x00000] in <f93bc12ce1034617aac9a18135b94276>:0 
UnityEngine.StackTraceUtility:ExtractStackTrace ()
UnityEngine.DebugLogHandler:LogFormat (UnityEngine.LogType,UnityEngine.Object,string,object[])
UnityEngine.Logger:Log (UnityEngine.LogType,object)
UnityEngine.Debug:LogError (object)
UnityEditor.EditorAssemblies:ProcessInitializeOnLoadAttributes (System.Type[])

System.NullReferenceException: Object reference not set to an instance of an object
  at Vuforia.EditorClasses.ExtensionTypeProvider.GetVuforiaPackageAbsPath () [0x0004a] in <f93bc12ce1034617aac9a18135b94276>:0 
  at Vuforia.EditorClasses.ExtensionTypeProvider.IsPackageManager () [0x00000] in <f93bc12ce1034617aac9a18135b94276>:0 
  at Vuforia.EditorClasses.ExtensionTypeProvider.ResolvePluginType () [0x00009] in <f93bc12ce1034617aac9a18135b94276>:0 
  at Vuforia.EditorClasses.ExtensionTypeProvider.GetPluginType () [0x0000c] in <f93bc12ce1034617aac9a18135b94276>:0 
  at Vuforia.EditorClasses.VuforiaUtilities.IsVuforiaEnabledInPlayerSettings () [0x00000] in <f93bc12ce1034617aac9a18135b94276>:0 
  at Vuforia.EditorClasses.InitializeOnLoadVuforiaTaskRunner..cctor () [0x00015] in <f93bc12ce1034617aac9a18135b94276>:0 
UnityEngine.StackTraceUtility:ExtractStackTrace ()
UnityEngine.DebugLogHandler:LogFormat (UnityEngine.LogType,UnityEngine.Object,string,object[])
UnityEngine.Logger:Log (UnityEngine.LogType,object)
UnityEngine.Debug:LogError (object)
UnityEditor.EditorAssemblies:ProcessInitializeOnLoadAttributes (System.Type[])

Invoked RoslynAnalysisRunner static constructor.
RoslynAnalysisRunner will not be running.
RoslynAnalysisRunner has terminated.
[XR] OculusXRPlugin: registering subsystems
[XR] Unable to register display lifecyle provider: [1]
[XR] Oculus Input lifecycle provider registered.
[XR] Unable to register input lifecyle provider: [1]
[XR] OVRP version 1.61.0
Mono: successfully reloaded assembly
- Completed reload, in  1.582 seconds
Platform modules already initialized, skipping
========================================================================
Worker process is ready to serve import requests
Shader 'Universal Render Pipeline/Particles/Lit': fallback shader 'Universal Render Pipeline/Particles/SimpleLit' not found
Shader 'Oculus/OVRMRCameraFrameLit': fallback shader 'Alpha-Diffuse' not found
Shader 'Universal Render Pipeline/Particles/Lit': fallback shader 'Universal Render Pipeline/Particles/SimpleLit' not found
Shader 'PointClouds/PointSplat': fallback shader 'PointClouds/PointSplatLegacy' not found
Launched and connected shader compiler UnityShaderCompiler.exe after 0.03 seconds
Refreshing native plugins compatible for Editor in 1.42 ms, found 11 plugins.
Preloading 2 native plugins for Editor in 0.11 ms.
Unloading 4177 Unused Serialized files (Serialized files now loaded: 0)
System memory in use before: 217.7 MB.
System memory in use after: 214.9 MB.

Unloading 220 unused Assets to reduce memory usage. Loaded Objects now: 4838.
Total: 4.913000 ms (FindLiveObjects: 0.794200 ms CreateObjectMapping: 0.404500 ms MarkObjects: 2.548600 ms  DeleteObjects: 1.165000 ms)

========================================================================
Received Import Request.
  path: Assets/Classes/AtomRocket
  artifactKey: Guid(a8145c7fc0b83354d913881a7b166755) Importer(815301076,1909f56bfc062723c751e8b465ee728b)
Start importing Assets/Classes/AtomRocket using Guid(a8145c7fc0b83354d913881a7b166755) Importer(815301076,1909f56bfc062723c751e8b465ee728b)  -> (artifact id: '44b3e6fbe5fca934f1d8733812fc635f') in 0.007960 seconds
  Import took 0.013409 seconds .

========================================================================
Received Import Request.
  Time since last request: 18.405442 seconds.
  path: Assets/Classes/AtomRocket/Demo
  artifactKey: Guid(593d16d611318184ebd0567449e3e870) Importer(815301076,1909f56bfc062723c751e8b465ee728b)
Start importing Assets/Classes/AtomRocket/Demo using Guid(593d16d611318184ebd0567449e3e870) Importer(815301076,1909f56bfc062723c751e8b465ee728b)  -> (artifact id: 'b5669287347eff230f525c62becfaf52') in 0.005934 seconds
  Import took 0.011934 seconds .

========================================================================
Received Import Request.
  Time since last request: 26.469054 seconds.
  path: Assets/Classes/AtomRocket/Prefab
  artifactKey: Guid(3c86eb1846132844facba3d2cd4705e2) Importer(815301076,1909f56bfc062723c751e8b465ee728b)
Start importing Assets/Classes/AtomRocket/Prefab using Guid(3c86eb1846132844facba3d2cd4705e2) Importer(815301076,1909f56bfc062723c751e8b465ee728b)  -> (artifact id: '4623387e4e3874df9a860cc615515772') in 0.006145 seconds
  Import took 0.012819 seconds .

========================================================================
Received Import Request.
  Time since last request: 58.182663 seconds.
  path: Assets/SolarSystem/Scripts/PlanetRotation.cs
  artifactKey: Guid(8a27919ad74ee67489d8836644228191) Importer(815301076,1909f56bfc062723c751e8b465ee728b)
Start importing Assets/SolarSystem/Scripts/PlanetRotation.cs using Guid(8a27919ad74ee67489d8836644228191) Importer(815301076,1909f56bfc062723c751e8b465ee728b)  -> (artifact id: '5c39d4f19cb879b1500c2cdddbe17a90') in 0.014630 seconds
  Import took 0.020341 seconds .

========================================================================
Received Import Request.
  Time since last request: 32.090879 seconds.
  path: Assets/Classes/Locomotion/Scripts/ContinuousMotionVR.cs
  artifactKey: Guid(843f92f8835d255448566571d6f4edd7) Importer(815301076,1909f56bfc062723c751e8b465ee728b)
Start importing Assets/Classes/Locomotion/Scripts/ContinuousMotionVR.cs using Guid(843f92f8835d255448566571d6f4edd7) Importer(815301076,1909f56bfc062723c751e8b465ee728b)  -> (artifact id: 'db041f5a4dcd40b7ad3a3c640c334da1') in 0.006577 seconds
  Import took 0.013899 seconds .

========================================================================
Received Import Request.
  Time since last request: 11.649093 seconds.
  path: Assets/Classes/FoodFight/Scripts/FoodGun.cs
  artifactKey: Guid(f6f2a0fa4f76aa04d8aebe86a031b3a3) Importer(815301076,1909f56bfc062723c751e8b465ee728b)
Start importing Assets/Classes/FoodFight/Scripts/FoodGun.cs using Guid(f6f2a0fa4f76aa04d8aebe86a031b3a3) Importer(815301076,1909f56bfc062723c751e8b465ee728b)  -> (artifact id: '28f2996875d7d19c563d30944140592c') in 0.006312 seconds
  Import took 0.013434 seconds .

========================================================================
Received Import Request.
  Time since last request: 0.000237 seconds.
  path: Assets/Classes/FoodFight/Scripts/FoodGun.cs
  artifactKey: Guid(f6f2a0fa4f76aa04d8aebe86a031b3a3) Importer(815301076,1909f56bfc062723c751e8b465ee728b)
Start importing Assets/Classes/FoodFight/Scripts/FoodGun.cs using Guid(f6f2a0fa4f76aa04d8aebe86a031b3a3) Importer(815301076,1909f56bfc062723c751e8b465ee728b)  -> (artifact id: '28f2996875d7d19c563d30944140592c') in 0.001947 seconds
  Import took 0.008640 seconds .

========================================================================
Received Import Request.
  Time since last request: 12.107423 seconds.
  path: Assets/Classes/FoodFight/Scripts/VRInput.cs
  artifactKey: Guid(2c426bd450ef5524eb4123a6cbf7a33c) Importer(815301076,1909f56bfc062723c751e8b465ee728b)
Start importing Assets/Classes/FoodFight/Scripts/VRInput.cs using Guid(2c426bd450ef5524eb4123a6cbf7a33c) Importer(815301076,1909f56bfc062723c751e8b465ee728b)  -> (artifact id: '9d0b9a61c974fa560dcc73d0bd677c89') in 0.002153 seconds
  Import took 0.007862 seconds .

========================================================================
Received Import Request.
  Time since last request: 0.018606 seconds.
  path: Assets/Classes/FoodFight/Scripts/VRInput.cs
  artifactKey: Guid(2c426bd450ef5524eb4123a6cbf7a33c) Importer(815301076,1909f56bfc062723c751e8b465ee728b)
Start importing Assets/Classes/FoodFight/Scripts/VRInput.cs using Guid(2c426bd450ef5524eb4123a6cbf7a33c) Importer(815301076,1909f56bfc062723c751e8b465ee728b)  -> (artifact id: '9d0b9a61c974fa560dcc73d0bd677c89') in 0.001987 seconds
  Import took 0.008740 seconds .

AssetImportWorkerClient::OnTransportError - code=2 error=End of file
